<?xml version="1.0" encoding="UTF-8"?>
<!-- Generated by org.testng.reporters.JUnitXMLReporter -->
<testsuite hostname="Admins-MBP-2.Dlink" ignored="6" name="Test" tests="12" failures="1" timestamp="29 Feb 2020 08:30:11 GMT" time="25.96" errors="0">
  <testcase name="addtoCard" time="0.092" classname="TestNg.TestAnnotation4">
    <failure type="java.lang.AssertionError">
      <![CDATA[java.lang.AssertionError: 
at TestNg.TestAnnotation4.addtoCard(TestAnnotation4.java:27)
... Removed 27 stack frames]]>
    </failure>
  </testcase> <!-- addtoCard -->
  <testcase name="openUrl" time="3.762" classname="TestNg.TestAnnotation4"/>
  <testcase name="search" time="0.001" classname="TestNg.TestAnnotation4"/>
  <testcase name="addtoCard" time="0.001" classname="TestNg.TestAnnotation3">
    <skipped/>
  </testcase> <!-- addtoCard -->
  <testcase name="openUrl" time="3.199" classname="TestNg.TestAnnotation3"/>
  <testcase name="search" time="0.001" classname="TestNg.TestAnnotation3"/>
  <testcase name="addtoCard" time="0.005" classname="TestNg.TestAnnotations2"/>
  <testcase name="openUrl" time="3.85" classname="TestNg.TestAnnotations2"/>
  <testcase name="search" time="0.001" classname="TestNg.TestAnnotations2"/>
  <testcase name="addtoCard" time="0.001" classname="TestNg.TestAnnotation1"/>
  <testcase name="openUrl" time="3.55" classname="TestNg.TestAnnotation1"/>
  <testcase name="search" time="0.001" classname="TestNg.TestAnnotation1"/>
  <testcase name="@AfterSuite aftetSuite" time="0.0" classname="TestNg.BaseClass">
    <ignored/>
  </testcase> <!-- @AfterSuite aftetSuite -->
  <testcase name="@AfterSuite aftetSuite" time="0.0" classname="TestNg.BaseClass">
    <ignored/>
  </testcase> <!-- @AfterSuite aftetSuite -->
  <testcase name="@AfterSuite aftetSuite" time="0.0" classname="TestNg.BaseClass">
    <ignored/>
  </testcase> <!-- @AfterSuite aftetSuite -->
  <testcase name="@BeforeSuite beforeSuite" time="0.0" classname="TestNg.BaseClass">
    <ignored/>
  </testcase> <!-- @BeforeSuite beforeSuite -->
  <testcase name="@BeforeSuite beforeSuite" time="0.0" classname="TestNg.BaseClass">
    <ignored/>
  </testcase> <!-- @BeforeSuite beforeSuite -->
  <testcase name="@BeforeSuite beforeSuite" time="0.0" classname="TestNg.BaseClass">
    <ignored/>
  </testcase> <!-- @BeforeSuite beforeSuite -->
</testsuite> <!-- Test -->
